{"/home/fer/Documents/Dev/Training/com.fernandosoria.training/src/domain/constants/RpeMap.ts": {"path":"/home/fer/Documents/Dev/Training/com.fernandosoria.training/src/domain/constants/RpeMap.ts","statementMap":{"0":{"start":{"line":2,"column":13},"end":{"line":13,"column":2}}},"fnMap":{},"branchMap":{},"s":{"0":0},"f":{},"b":{}}
,"/home/fer/Documents/Dev/Training/com.fernandosoria.training/src/domain/entities/Progression.ts": {"path":"/home/fer/Documents/Dev/Training/com.fernandosoria.training/src/domain/entities/Progression.ts","statementMap":{"0":{"start":{"line":1,"column":0},"end":{"line":1,"column":null}},"1":{"start":{"line":2,"column":2},"end":{"line":2,"column":null}},"2":{"start":{"line":3,"column":2},"end":{"line":3,"column":null}},"3":{"start":{"line":4,"column":2},"end":{"line":4,"column":null}}},"fnMap":{"0":{"name":"(anonymous_0)","decl":{"start":{"line":1,"column":0},"end":{"line":1,"column":12}},"loc":{"start":{"line":1,"column":27},"end":{"line":5,"column":1}}}},"branchMap":{"0":{"loc":{"start":{"line":1,"column":12},"end":{"line":1,"column":null}},"type":"binary-expr","locations":[{"start":{"line":1,"column":12},"end":{"line":1,"column":27}},{"start":{"line":1,"column":27},"end":{"line":1,"column":null}}]}},"s":{"0":0,"1":0,"2":0,"3":0},"f":{"0":0},"b":{"0":[0,0]}}
,"/home/fer/Documents/Dev/Training/com.fernandosoria.training/src/domain/interfaces/ILogger.ts": {"path":"/home/fer/Documents/Dev/Training/com.fernandosoria.training/src/domain/interfaces/ILogger.ts","statementMap":{"0":{"start":{"line":1,"column":0},"end":{"line":1,"column":null}},"1":{"start":{"line":2,"column":2},"end":{"line":2,"column":null}},"2":{"start":{"line":3,"column":2},"end":{"line":3,"column":null}},"3":{"start":{"line":4,"column":2},"end":{"line":4,"column":null}}},"fnMap":{"0":{"name":"(anonymous_0)","decl":{"start":{"line":1,"column":0},"end":{"line":1,"column":12}},"loc":{"start":{"line":1,"column":20},"end":{"line":5,"column":1}}}},"branchMap":{"0":{"loc":{"start":{"line":1,"column":12},"end":{"line":1,"column":null}},"type":"binary-expr","locations":[{"start":{"line":1,"column":12},"end":{"line":1,"column":20}},{"start":{"line":1,"column":20},"end":{"line":1,"column":null}}]}},"s":{"0":3,"1":3,"2":3,"3":3},"f":{"0":3},"b":{"0":[3,3]}}
,"/home/fer/Documents/Dev/Training/com.fernandosoria.training/src/domain/services/ProgressionEngine.ts": {"path":"/home/fer/Documents/Dev/Training/com.fernandosoria.training/src/domain/services/ProgressionEngine.ts","statementMap":{"0":{"start":{"line":19,"column":4},"end":{"line":19,"column":61}},"1":{"start":{"line":23,"column":4},"end":{"line":23,"column":40}},"2":{"start":{"line":27,"column":4},"end":{"line":27,"column":37}},"3":{"start":{"line":36,"column":21},"end":{"line":36,"column":51}},"4":{"start":{"line":37,"column":4},"end":{"line":39,"column":5}},"5":{"start":{"line":38,"column":6},"end":{"line":38,"column":70}},"6":{"start":{"line":40,"column":4},"end":{"line":40,"column":71}},"7":{"start":{"line":41,"column":4},"end":{"line":41,"column":21}},"8":{"start":{"line":15,"column":0},"end":{"line":15,"column":13}}},"fnMap":{"0":{"name":"(anonymous_0)","decl":{"start":{"line":18,"column":2},"end":{"line":18,"column":null}},"loc":{"start":{"line":18,"column":2},"end":{"line":20,"column":3}}},"1":{"name":"(anonymous_1)","decl":{"start":{"line":22,"column":2},"end":{"line":22,"column":18}},"loc":{"start":{"line":22,"column":62},"end":{"line":24,"column":3}}},"2":{"name":"(anonymous_2)","decl":{"start":{"line":26,"column":2},"end":{"line":26,"column":13}},"loc":{"start":{"line":26,"column":26},"end":{"line":28,"column":3}}},"3":{"name":"(anonymous_3)","decl":{"start":{"line":30,"column":2},"end":{"line":30,"column":20}},"loc":{"start":{"line":34,"column":14},"end":{"line":42,"column":3}}}},"branchMap":{"0":{"loc":{"start":{"line":37,"column":4},"end":{"line":39,"column":5}},"type":"if","locations":[{"start":{"line":37,"column":4},"end":{"line":39,"column":5}},{"start":{},"end":{}}]}},"s":{"0":8,"1":8,"2":10,"3":10,"4":10,"5":10,"6":0,"7":0,"8":2},"f":{"0":8,"1":8,"2":10,"3":10},"b":{"0":[10,0]}}
,"/home/fer/Documents/Dev/Training/com.fernandosoria.training/src/domain/services/implementations/RoutineGeneratorServiceImpl.ts": {"path":"/home/fer/Documents/Dev/Training/com.fernandosoria.training/src/domain/services/implementations/RoutineGeneratorServiceImpl.ts","statementMap":{"0":{"start":{"line":2,"column":0},"end":{"line":2,"column":107}},"1":{"start":{"line":5,"column":0},"end":{"line":5,"column":61}},"2":{"start":{"line":8,"column":31},"end":{"line":8,"column":46}},"3":{"start":{"line":11,"column":4},"end":{"line":11,"column":82}},"4":{"start":{"line":12,"column":36},"end":{"line":12,"column":38}},"5":{"start":{"line":14,"column":4},"end":{"line":31,"column":5}},"6":{"start":{"line":17,"column":6},"end":{"line":17,"column":99}},"7":{"start":{"line":19,"column":6},"end":{"line":19,"column":102}},"8":{"start":{"line":21,"column":6},"end":{"line":21,"column":107}},"9":{"start":{"line":23,"column":11},"end":{"line":31,"column":5}},"10":{"start":{"line":26,"column":6},"end":{"line":26,"column":90}},"11":{"start":{"line":28,"column":6},"end":{"line":28,"column":93}},"12":{"start":{"line":30,"column":6},"end":{"line":30,"column":104}},"13":{"start":{"line":33,"column":4},"end":{"line":36,"column":6}},"14":{"start":{"line":40,"column":38},"end":{"line":40,"column":40}},"15":{"start":{"line":41,"column":4},"end":{"line":55,"column":5}},"16":{"start":{"line":41,"column":17},"end":{"line":41,"column":18}},"17":{"start":{"line":42,"column":34},"end":{"line":42,"column":36}},"18":{"start":{"line":44,"column":6},"end":{"line":53,"column":7}},"19":{"start":{"line":44,"column":19},"end":{"line":44,"column":20}},"20":{"start":{"line":45,"column":8},"end":{"line":52,"column":11}},"21":{"start":{"line":54,"column":6},"end":{"line":54,"column":62}},"22":{"start":{"line":56,"column":4},"end":{"line":56,"column":60}},"23":{"start":{"line":60,"column":38},"end":{"line":60,"column":40}},"24":{"start":{"line":61,"column":4},"end":{"line":84,"column":5}},"25":{"start":{"line":61,"column":17},"end":{"line":61,"column":18}},"26":{"start":{"line":62,"column":34},"end":{"line":62,"column":36}},"27":{"start":{"line":64,"column":6},"end":{"line":82,"column":7}},"28":{"start":{"line":64,"column":19},"end":{"line":64,"column":20}},"29":{"start":{"line":65,"column":36},"end":{"line":65,"column":38}},"30":{"start":{"line":67,"column":8},"end":{"line":75,"column":9}},"31":{"start":{"line":69,"column":10},"end":{"line":69,"column":25}},"32":{"start":{"line":72,"column":10},"end":{"line":72,"column":149}},"33":{"start":{"line":73,"column":10},"end":{"line":73,"column":140}},"34":{"start":{"line":74,"column":10},"end":{"line":74,"column":124}},"35":{"start":{"line":77,"column":8},"end":{"line":81,"column":11}},"36":{"start":{"line":83,"column":6},"end":{"line":83,"column":62}},"37":{"start":{"line":85,"column":4},"end":{"line":85,"column":60}},"38":{"start":{"line":89,"column":24},"end":{"line":89,"column":26}},"39":{"start":{"line":90,"column":4},"end":{"line":95,"column":5}},"40":{"start":{"line":90,"column":17},"end":{"line":90,"column":18}},"41":{"start":{"line":91,"column":6},"end":{"line":94,"column":9}},"42":{"start":{"line":96,"column":4},"end":{"line":96,"column":16}},"43":{"start":{"line":7,"column":0},"end":{"line":7,"column":13}}},"fnMap":{"0":{"name":"(anonymous_0)","decl":{"start":{"line":8,"column":2},"end":{"line":8,"column":31}},"loc":{"start":{"line":8,"column":46},"end":{"line":8,"column":50}}},"1":{"name":"(anonymous_1)","decl":{"start":{"line":10,"column":2},"end":{"line":10,"column":17}},"loc":{"start":{"line":10,"column":52},"end":{"line":37,"column":3}}},"2":{"name":"(anonymous_2)","decl":{"start":{"line":39,"column":10},"end":{"line":39,"column":31}},"loc":{"start":{"line":39,"column":138},"end":{"line":57,"column":3}}},"3":{"name":"(anonymous_3)","decl":{"start":{"line":59,"column":10},"end":{"line":59,"column":34}},"loc":{"start":{"line":59,"column":130},"end":{"line":86,"column":3}}},"4":{"name":"(anonymous_4)","decl":{"start":{"line":88,"column":10},"end":{"line":88,"column":22}},"loc":{"start":{"line":88,"column":92},"end":{"line":97,"column":3}}}},"branchMap":{"0":{"loc":{"start":{"line":14,"column":4},"end":{"line":31,"column":5}},"type":"if","locations":[{"start":{"line":14,"column":4},"end":{"line":31,"column":5}},{"start":{"line":23,"column":11},"end":{"line":31,"column":5}}]},"1":{"loc":{"start":{"line":23,"column":11},"end":{"line":31,"column":5}},"type":"if","locations":[{"start":{"line":23,"column":11},"end":{"line":31,"column":5}},{"start":{},"end":{}}]},"2":{"loc":{"start":{"line":59,"column":105},"end":{"line":59,"column":130}},"type":"default-arg","locations":[{"start":{"line":59,"column":125},"end":{"line":59,"column":130}}]},"3":{"loc":{"start":{"line":67,"column":8},"end":{"line":75,"column":9}},"type":"if","locations":[{"start":{"line":67,"column":8},"end":{"line":75,"column":9}},{"start":{"line":70,"column":15},"end":{"line":75,"column":9}}]},"4":{"loc":{"start":{"line":67,"column":12},"end":{"line":67,"column":31}},"type":"binary-expr","locations":[{"start":{"line":67,"column":12},"end":{"line":67,"column":20}},{"start":{"line":67,"column":24},"end":{"line":67,"column":31}}]},"5":{"loc":{"start":{"line":80,"column":21},"end":{"line":80,"column":40}},"type":"binary-expr","locations":[{"start":{"line":80,"column":21},"end":{"line":80,"column":29}},{"start":{"line":80,"column":33},"end":{"line":80,"column":40}}]}},"s":{"0":1,"1":1,"2":3,"3":3,"4":3,"5":3,"6":1,"7":1,"8":1,"9":2,"10":2,"11":2,"12":2,"13":3,"14":3,"15":3,"16":3,"17":12,"18":12,"19":12,"20":36,"21":12,"22":3,"23":6,"24":6,"25":6,"26":24,"27":24,"28":24,"29":96,"30":96,"31":4,"32":92,"33":92,"34":92,"35":96,"36":24,"37":6,"38":276,"39":276,"40":276,"41":920,"42":276,"43":1},"f":{"0":3,"1":3,"2":3,"3":6,"4":276},"b":{"0":[1,2],"1":[2,0],"2":[4],"3":[4,92],"4":[96,16],"5":[96,16]}}
,"/home/fer/Documents/Dev/Training/com.fernandosoria.training/src/domain/services/implementations/TonnageCalculatorServiceImpl.ts": {"path":"/home/fer/Documents/Dev/Training/com.fernandosoria.training/src/domain/services/implementations/TonnageCalculatorServiceImpl.ts","statementMap":{"0":{"start":{"line":3,"column":0},"end":{"line":3,"column":61}},"1":{"start":{"line":6,"column":31},"end":{"line":6,"column":46}},"2":{"start":{"line":9,"column":4},"end":{"line":9,"column":85}},"3":{"start":{"line":10,"column":4},"end":{"line":13,"column":5}},"4":{"start":{"line":11,"column":6},"end":{"line":11,"column":103}},"5":{"start":{"line":12,"column":6},"end":{"line":12,"column":67}},"6":{"start":{"line":14,"column":20},"end":{"line":14,"column":67}},"7":{"start":{"line":15,"column":4},"end":{"line":15,"column":86}},"8":{"start":{"line":16,"column":4},"end":{"line":16,"column":19}},"9":{"start":{"line":5,"column":0},"end":{"line":5,"column":13}}},"fnMap":{"0":{"name":"(anonymous_0)","decl":{"start":{"line":6,"column":2},"end":{"line":6,"column":31}},"loc":{"start":{"line":6,"column":46},"end":{"line":6,"column":50}}},"1":{"name":"(anonymous_1)","decl":{"start":{"line":8,"column":2},"end":{"line":8,"column":18}},"loc":{"start":{"line":8,"column":61},"end":{"line":17,"column":3}}}},"branchMap":{"0":{"loc":{"start":{"line":10,"column":4},"end":{"line":13,"column":5}},"type":"if","locations":[{"start":{"line":10,"column":4},"end":{"line":13,"column":5}},{"start":{},"end":{}}]},"1":{"loc":{"start":{"line":10,"column":8},"end":{"line":10,"column":69}},"type":"binary-expr","locations":[{"start":{"line":10,"column":8},"end":{"line":10,"column":16}},{"start":{"line":10,"column":20},"end":{"line":10,"column":28}},{"start":{"line":10,"column":32},"end":{"line":10,"column":69}}]}},"s":{"0":1,"1":5,"2":6,"3":6,"4":0,"5":0,"6":6,"7":6,"8":6,"9":1},"f":{"0":5,"1":6},"b":{"0":[0,6],"1":[6,6,6]}}
,"/home/fer/Documents/Dev/Training/com.fernandosoria.training/src/domain/services/progressionStrategies/Linear5x5Strategy.ts": {"path":"/home/fer/Documents/Dev/Training/com.fernandosoria.training/src/domain/services/progressionStrategies/Linear5x5Strategy.ts","statementMap":{"0":{"start":{"line":6,"column":41},"end":{"line":6,"column":42}},"1":{"start":{"line":7,"column":33},"end":{"line":7,"column":34}},"2":{"start":{"line":8,"column":46},"end":{"line":8,"column":50}},"3":{"start":{"line":9,"column":46},"end":{"line":9,"column":50}},"4":{"start":{"line":10,"column":39},"end":{"line":10,"column":40}},"5":{"start":{"line":13,"column":29},"end":{"line":14,"column":null}},"6":{"start":{"line":14,"column":6},"end":{"line":14,"column":60}},"7":{"start":{"line":14,"column":35},"end":{"line":14,"column":59}},"8":{"start":{"line":17,"column":4},"end":{"line":23,"column":5}},"9":{"start":{"line":18,"column":6},"end":{"line":22,"column":8}},"10":{"start":{"line":25,"column":24},"end":{"line":25,"column":69}},"11":{"start":{"line":26,"column":25},"end":{"line":26,"column":83}},"12":{"start":{"line":26,"column":58},"end":{"line":26,"column":82}},"13":{"start":{"line":27,"column":31},"end":{"line":27,"column":95}},"14":{"start":{"line":27,"column":62},"end":{"line":27,"column":86}},"15":{"start":{"line":30,"column":30},"end":{"line":30,"column":31}},"16":{"start":{"line":31,"column":4},"end":{"line":59,"column":5}},"17":{"start":{"line":31,"column":17},"end":{"line":31,"column":44}},"18":{"start":{"line":32,"column":22},"end":{"line":32,"column":41}},"19":{"start":{"line":33,"column":23},"end":{"line":33,"column":77}},"20":{"start":{"line":33,"column":52},"end":{"line":33,"column":76}},"21":{"start":{"line":34,"column":6},"end":{"line":41,"column":7}},"22":{"start":{"line":35,"column":27},"end":{"line":35,"column":92}},"23":{"start":{"line":35,"column":55},"end":{"line":35,"column":91}},"24":{"start":{"line":36,"column":8},"end":{"line":40,"column":9}},"25":{"start":{"line":37,"column":10},"end":{"line":37,"column":32}},"26":{"start":{"line":39,"column":10},"end":{"line":39,"column":16}},"27":{"start":{"line":42,"column":6},"end":{"line":58,"column":7}},"28":{"start":{"line":43,"column":8},"end":{"line":57,"column":9}},"29":{"start":{"line":44,"column":28},"end":{"line":44,"column":84}},"30":{"start":{"line":45,"column":10},"end":{"line":50,"column":12}},"31":{"start":{"line":52,"column":10},"end":{"line":56,"column":12}},"32":{"start":{"line":62,"column":4},"end":{"line":83,"column":5}},"33":{"start":{"line":63,"column":43},"end":{"line":64,"column":121}},"34":{"start":{"line":64,"column":39},"end":{"line":64,"column":120}},"35":{"start":{"line":66,"column":6},"end":{"line":82,"column":7}},"36":{"start":{"line":67,"column":8},"end":{"line":81,"column":9}},"37":{"start":{"line":68,"column":28},"end":{"line":68,"column":84}},"38":{"start":{"line":69,"column":10},"end":{"line":74,"column":12}},"39":{"start":{"line":76,"column":10},"end":{"line":80,"column":12}},"40":{"start":{"line":86,"column":4},"end":{"line":91,"column":6}},"41":{"start":{"line":5,"column":0},"end":{"line":5,"column":13}}},"fnMap":{"0":{"name":"(anonymous_0)","decl":{"start":{"line":12,"column":2},"end":{"line":12,"column":20}},"loc":{"start":{"line":12,"column":73},"end":{"line":92,"column":3}}},"1":{"name":"(anonymous_1)","decl":{"start":{"line":13,"column":44},"end":{"line":13,"column":51}},"loc":{"start":{"line":14,"column":6},"end":{"line":14,"column":60}}},"2":{"name":"(anonymous_2)","decl":{"start":{"line":14,"column":29},"end":{"line":14,"column":31}},"loc":{"start":{"line":14,"column":35},"end":{"line":14,"column":59}}},"3":{"name":"(anonymous_3)","decl":{"start":{"line":26,"column":52},"end":{"line":26,"column":54}},"loc":{"start":{"line":26,"column":58},"end":{"line":26,"column":82}}},"4":{"name":"(anonymous_4)","decl":{"start":{"line":27,"column":55},"end":{"line":27,"column":58}},"loc":{"start":{"line":27,"column":62},"end":{"line":27,"column":86}}},"5":{"name":"(anonymous_5)","decl":{"start":{"line":33,"column":46},"end":{"line":33,"column":48}},"loc":{"start":{"line":33,"column":52},"end":{"line":33,"column":76}}},"6":{"name":"(anonymous_6)","decl":{"start":{"line":35,"column":48},"end":{"line":35,"column":51}},"loc":{"start":{"line":35,"column":55},"end":{"line":35,"column":91}}},"7":{"name":"(anonymous_7)","decl":{"start":{"line":64,"column":32},"end":{"line":64,"column":35}},"loc":{"start":{"line":64,"column":39},"end":{"line":64,"column":120}}}},"branchMap":{"0":{"loc":{"start":{"line":17,"column":4},"end":{"line":23,"column":5}},"type":"if","locations":[{"start":{"line":17,"column":4},"end":{"line":23,"column":5}},{"start":{},"end":{}}]},"1":{"loc":{"start":{"line":34,"column":6},"end":{"line":41,"column":7}},"type":"if","locations":[{"start":{"line":34,"column":6},"end":{"line":41,"column":7}},{"start":{},"end":{}}]},"2":{"loc":{"start":{"line":35,"column":55},"end":{"line":35,"column":91}},"type":"binary-expr","locations":[{"start":{"line":35,"column":55},"end":{"line":35,"column":69}},{"start":{"line":35,"column":73},"end":{"line":35,"column":91}}]},"3":{"loc":{"start":{"line":36,"column":8},"end":{"line":40,"column":9}},"type":"if","locations":[{"start":{"line":36,"column":8},"end":{"line":40,"column":9}},{"start":{"line":38,"column":15},"end":{"line":40,"column":9}}]},"4":{"loc":{"start":{"line":42,"column":6},"end":{"line":58,"column":7}},"type":"if","locations":[{"start":{"line":42,"column":6},"end":{"line":58,"column":7}},{"start":{},"end":{}}]},"5":{"loc":{"start":{"line":43,"column":8},"end":{"line":57,"column":9}},"type":"if","locations":[{"start":{"line":43,"column":8},"end":{"line":57,"column":9}},{"start":{"line":51,"column":15},"end":{"line":57,"column":9}}]},"6":{"loc":{"start":{"line":62,"column":4},"end":{"line":83,"column":5}},"type":"if","locations":[{"start":{"line":62,"column":4},"end":{"line":83,"column":5}},{"start":{},"end":{}}]},"7":{"loc":{"start":{"line":63,"column":43},"end":{"line":64,"column":121}},"type":"binary-expr","locations":[{"start":{"line":63,"column":43},"end":{"line":63,"column":88}},{"start":{"line":64,"column":8},"end":{"line":64,"column":121}}]},"8":{"loc":{"start":{"line":64,"column":39},"end":{"line":64,"column":120}},"type":"binary-expr","locations":[{"start":{"line":64,"column":39},"end":{"line":64,"column":75}},{"start":{"line":64,"column":80},"end":{"line":64,"column":95}},{"start":{"line":64,"column":99},"end":{"line":64,"column":119}}]},"9":{"loc":{"start":{"line":66,"column":6},"end":{"line":82,"column":7}},"type":"if","locations":[{"start":{"line":66,"column":6},"end":{"line":82,"column":7}},{"start":{},"end":{}}]},"10":{"loc":{"start":{"line":67,"column":8},"end":{"line":81,"column":9}},"type":"if","locations":[{"start":{"line":67,"column":8},"end":{"line":81,"column":9}},{"start":{"line":75,"column":15},"end":{"line":81,"column":9}}]}},"s":{"0":5,"1":5,"2":5,"3":5,"4":5,"5":5,"6":10,"7":10,"8":5,"9":1,"10":4,"11":4,"12":4,"13":4,"14":4,"15":4,"16":4,"17":4,"18":6,"19":6,"20":6,"21":6,"22":6,"23":30,"24":6,"25":3,"26":3,"27":3,"28":1,"29":1,"30":1,"31":0,"32":3,"33":3,"34":13,"35":3,"36":2,"37":2,"38":2,"39":0,"40":1,"41":1},"f":{"0":5,"1":10,"2":10,"3":4,"4":4,"5":6,"6":30,"7":13},"b":{"0":[1,4],"1":[6,0],"2":[30,6],"3":[3,3],"4":[1,2],"5":[1,0],"6":[3,0],"7":[3,3],"8":[13,12,0],"9":[2,1],"10":[2,0]}}
,"/home/fer/Documents/Dev/Training/com.fernandosoria.training/src/domain/services/progressionStrategies/WaveOndulantStrategy.ts": {"path":"/home/fer/Documents/Dev/Training/com.fernandosoria.training/src/domain/services/progressionStrategies/WaveOndulantStrategy.ts","statementMap":{"0":{"start":{"line":6,"column":36},"end":{"line":6,"column":37}},"1":{"start":{"line":7,"column":31},"end":{"line":7,"column":40}},"2":{"start":{"line":8,"column":46},"end":{"line":8,"column":51}},"3":{"start":{"line":11,"column":29},"end":{"line":12,"column":null}},"4":{"start":{"line":12,"column":6},"end":{"line":12,"column":60}},"5":{"start":{"line":12,"column":35},"end":{"line":12,"column":59}},"6":{"start":{"line":15,"column":4},"end":{"line":22,"column":5}},"7":{"start":{"line":17,"column":6},"end":{"line":21,"column":8}},"8":{"start":{"line":25,"column":4},"end":{"line":25,"column":71}},"9":{"start":{"line":25,"column":36},"end":{"line":25,"column":69}},"10":{"start":{"line":27,"column":24},"end":{"line":27,"column":69}},"11":{"start":{"line":28,"column":25},"end":{"line":28,"column":83}},"12":{"start":{"line":28,"column":58},"end":{"line":28,"column":82}},"13":{"start":{"line":29,"column":31},"end":{"line":29,"column":95}},"14":{"start":{"line":29,"column":62},"end":{"line":29,"column":86}},"15":{"start":{"line":31,"column":26},"end":{"line":31,"column":71}},"16":{"start":{"line":33,"column":4},"end":{"line":44,"column":5}},"17":{"start":{"line":34,"column":38},"end":{"line":34,"column":83}},"18":{"start":{"line":35,"column":39},"end":{"line":35,"column":107}},"19":{"start":{"line":35,"column":82},"end":{"line":35,"column":106}},"20":{"start":{"line":36,"column":37},"end":{"line":36,"column":111}},"21":{"start":{"line":36,"column":78},"end":{"line":36,"column":102}},"22":{"start":{"line":38,"column":8},"end":{"line":43,"column":10}},"23":{"start":{"line":46,"column":4},"end":{"line":56,"column":5}},"24":{"start":{"line":47,"column":43},"end":{"line":47,"column":88}},"25":{"start":{"line":48,"column":28},"end":{"line":48,"column":154}},"26":{"start":{"line":48,"column":77},"end":{"line":48,"column":101}},"27":{"start":{"line":48,"column":121},"end":{"line":48,"column":145}},"28":{"start":{"line":50,"column":8},"end":{"line":55,"column":10}},"29":{"start":{"line":59,"column":30},"end":{"line":59,"column":59}},"30":{"start":{"line":60,"column":20},"end":{"line":60,"column":38}},"31":{"start":{"line":62,"column":45},"end":{"line":64,"column":14}},"32":{"start":{"line":63,"column":13},"end":{"line":63,"column":82}},"33":{"start":{"line":66,"column":4},"end":{"line":68,"column":5}},"34":{"start":{"line":67,"column":8},"end":{"line":67,"column":77}},"35":{"start":{"line":70,"column":4},"end":{"line":75,"column":6}},"36":{"start":{"line":5,"column":0},"end":{"line":5,"column":13}}},"fnMap":{"0":{"name":"(anonymous_0)","decl":{"start":{"line":10,"column":2},"end":{"line":10,"column":20}},"loc":{"start":{"line":10,"column":73},"end":{"line":76,"column":3}}},"1":{"name":"(anonymous_1)","decl":{"start":{"line":11,"column":44},"end":{"line":11,"column":51}},"loc":{"start":{"line":12,"column":6},"end":{"line":12,"column":60}}},"2":{"name":"(anonymous_2)","decl":{"start":{"line":12,"column":29},"end":{"line":12,"column":31}},"loc":{"start":{"line":12,"column":35},"end":{"line":12,"column":59}}},"3":{"name":"(anonymous_3)","decl":{"start":{"line":25,"column":26},"end":{"line":25,"column":27}},"loc":{"start":{"line":25,"column":36},"end":{"line":25,"column":69}}},"4":{"name":"(anonymous_4)","decl":{"start":{"line":28,"column":52},"end":{"line":28,"column":54}},"loc":{"start":{"line":28,"column":58},"end":{"line":28,"column":82}}},"5":{"name":"(anonymous_5)","decl":{"start":{"line":29,"column":55},"end":{"line":29,"column":58}},"loc":{"start":{"line":29,"column":62},"end":{"line":29,"column":86}}},"6":{"name":"(anonymous_6)","decl":{"start":{"line":35,"column":76},"end":{"line":35,"column":78}},"loc":{"start":{"line":35,"column":82},"end":{"line":35,"column":106}}},"7":{"name":"(anonymous_7)","decl":{"start":{"line":36,"column":71},"end":{"line":36,"column":74}},"loc":{"start":{"line":36,"column":78},"end":{"line":36,"column":102}}},"8":{"name":"(anonymous_8)","decl":{"start":{"line":48,"column":71},"end":{"line":48,"column":73}},"loc":{"start":{"line":48,"column":77},"end":{"line":48,"column":101}}},"9":{"name":"(anonymous_9)","decl":{"start":{"line":48,"column":114},"end":{"line":48,"column":117}},"loc":{"start":{"line":48,"column":121},"end":{"line":48,"column":145}}},"10":{"name":"(anonymous_10)","decl":{"start":{"line":63,"column":6},"end":{"line":63,"column":9}},"loc":{"start":{"line":63,"column":13},"end":{"line":63,"column":82}}}},"branchMap":{"0":{"loc":{"start":{"line":15,"column":4},"end":{"line":22,"column":5}},"type":"if","locations":[{"start":{"line":15,"column":4},"end":{"line":22,"column":5}},{"start":{},"end":{}}]},"1":{"loc":{"start":{"line":33,"column":4},"end":{"line":44,"column":5}},"type":"if","locations":[{"start":{"line":33,"column":4},"end":{"line":44,"column":5}},{"start":{},"end":{}}]},"2":{"loc":{"start":{"line":41,"column":29},"end":{"line":41,"column":122}},"type":"cond-expr","locations":[{"start":{"line":41,"column":52},"end":{"line":41,"column":110}},{"start":{"line":41,"column":113},"end":{"line":41,"column":122}}]},"3":{"loc":{"start":{"line":46,"column":4},"end":{"line":56,"column":5}},"type":"if","locations":[{"start":{"line":46,"column":4},"end":{"line":56,"column":5}},{"start":{},"end":{}}]},"4":{"loc":{"start":{"line":53,"column":29},"end":{"line":53,"column":62}},"type":"binary-expr","locations":[{"start":{"line":53,"column":29},"end":{"line":53,"column":40}},{"start":{"line":53,"column":44},"end":{"line":53,"column":62}}]},"5":{"loc":{"start":{"line":62,"column":45},"end":{"line":64,"column":14}},"type":"binary-expr","locations":[{"start":{"line":62,"column":45},"end":{"line":63,"column":null}},{"start":{"line":64,"column":9},"end":{"line":64,"column":14}}]},"6":{"loc":{"start":{"line":63,"column":13},"end":{"line":63,"column":82}},"type":"binary-expr","locations":[{"start":{"line":63,"column":14},"end":{"line":63,"column":29}},{"start":{"line":63,"column":33},"end":{"line":63,"column":53}},{"start":{"line":63,"column":58},"end":{"line":63,"column":82}}]},"7":{"loc":{"start":{"line":66,"column":4},"end":{"line":68,"column":5}},"type":"if","locations":[{"start":{"line":66,"column":4},"end":{"line":68,"column":5}},{"start":{},"end":{}}]},"8":{"loc":{"start":{"line":66,"column":8},"end":{"line":66,"column":62}},"type":"binary-expr","locations":[{"start":{"line":66,"column":8},"end":{"line":66,"column":40}},{"start":{"line":66,"column":44},"end":{"line":66,"column":62}}]}},"s":{"0":3,"1":3,"2":3,"3":5,"4":10,"5":10,"6":5,"7":1,"8":4,"9":6,"10":4,"11":4,"12":4,"13":4,"14":4,"15":4,"16":4,"17":1,"18":1,"19":1,"20":1,"21":1,"22":1,"23":3,"24":1,"25":1,"26":1,"27":1,"28":1,"29":2,"30":2,"31":2,"32":6,"33":2,"34":2,"35":2,"36":1},"f":{"0":5,"1":10,"2":10,"3":6,"4":4,"5":4,"6":1,"7":1,"8":1,"9":1,"10":6},"b":{"0":[1,4],"1":[1,3],"2":[1,0],"3":[1,2],"4":[1,0],"5":[2,0],"6":[6,0,6],"7":[2,0],"8":[2,2]}}
,"/home/fer/Documents/Dev/Training/com.fernandosoria.training/src/domain/types/index.ts": {"path":"/home/fer/Documents/Dev/Training/com.fernandosoria.training/src/domain/types/index.ts","statementMap":{"0":{"start":{"line":12,"column":0},"end":{"line":12,"column":null}},"1":{"start":{"line":13,"column":2},"end":{"line":13,"column":null}},"2":{"start":{"line":14,"column":2},"end":{"line":14,"column":null}},"3":{"start":{"line":15,"column":2},"end":{"line":15,"column":null}},"4":{"start":{"line":18,"column":0},"end":{"line":18,"column":null}},"5":{"start":{"line":19,"column":2},"end":{"line":19,"column":null}},"6":{"start":{"line":20,"column":2},"end":{"line":20,"column":null}},"7":{"start":{"line":21,"column":2},"end":{"line":21,"column":null}},"8":{"start":{"line":32,"column":0},"end":{"line":32,"column":null}},"9":{"start":{"line":33,"column":2},"end":{"line":33,"column":null}},"10":{"start":{"line":34,"column":2},"end":{"line":34,"column":null}},"11":{"start":{"line":35,"column":2},"end":{"line":35,"column":null}},"12":{"start":{"line":36,"column":2},"end":{"line":36,"column":null}},"13":{"start":{"line":37,"column":2},"end":{"line":37,"column":null}},"14":{"start":{"line":38,"column":2},"end":{"line":38,"column":null}},"15":{"start":{"line":39,"column":2},"end":{"line":39,"column":null}},"16":{"start":{"line":40,"column":2},"end":{"line":40,"column":null}},"17":{"start":{"line":41,"column":2},"end":{"line":41,"column":null}},"18":{"start":{"line":42,"column":2},"end":{"line":42,"column":null}}},"fnMap":{"0":{"name":"(anonymous_0)","decl":{"start":{"line":12,"column":0},"end":{"line":12,"column":12}},"loc":{"start":{"line":12,"column":29},"end":{"line":16,"column":1}}},"1":{"name":"(anonymous_1)","decl":{"start":{"line":18,"column":0},"end":{"line":18,"column":12}},"loc":{"start":{"line":18,"column":25},"end":{"line":22,"column":1}}},"2":{"name":"(anonymous_2)","decl":{"start":{"line":32,"column":0},"end":{"line":32,"column":12}},"loc":{"start":{"line":32,"column":27},"end":{"line":43,"column":1}}}},"branchMap":{"0":{"loc":{"start":{"line":12,"column":12},"end":{"line":12,"column":null}},"type":"binary-expr","locations":[{"start":{"line":12,"column":12},"end":{"line":12,"column":29}},{"start":{"line":12,"column":29},"end":{"line":12,"column":null}}]},"1":{"loc":{"start":{"line":18,"column":12},"end":{"line":18,"column":null}},"type":"binary-expr","locations":[{"start":{"line":18,"column":12},"end":{"line":18,"column":25}},{"start":{"line":18,"column":25},"end":{"line":18,"column":null}}]},"2":{"loc":{"start":{"line":32,"column":12},"end":{"line":32,"column":null}},"type":"binary-expr","locations":[{"start":{"line":32,"column":12},"end":{"line":32,"column":27}},{"start":{"line":32,"column":27},"end":{"line":32,"column":null}}]}},"s":{"0":4,"1":4,"2":4,"3":4,"4":4,"5":4,"6":4,"7":4,"8":4,"9":4,"10":4,"11":4,"12":4,"13":4,"14":4,"15":4,"16":4,"17":4,"18":4},"f":{"0":4,"1":4,"2":4},"b":{"0":[4,4],"1":[4,4],"2":[4,4]}}
,"/home/fer/Documents/Dev/Training/com.fernandosoria.training/src/domain/valueObjects/Weight.ts": {"path":"/home/fer/Documents/Dev/Training/com.fernandosoria.training/src/domain/valueObjects/Weight.ts","statementMap":{"0":{"start":{"line":5,"column":45},"end":{"line":5,"column":52}},"1":{"start":{"line":6,"column":45},"end":{"line":6,"column":53}},"2":{"start":{"line":9,"column":4},"end":{"line":11,"column":5}},"3":{"start":{"line":10,"column":6},"end":{"line":10,"column":51}},"4":{"start":{"line":12,"column":4},"end":{"line":12,"column":23}},"5":{"start":{"line":13,"column":4},"end":{"line":13,"column":21}},"6":{"start":{"line":17,"column":4},"end":{"line":17,"column":35}},"7":{"start":{"line":21,"column":4},"end":{"line":21,"column":36}},"8":{"start":{"line":25,"column":4},"end":{"line":29,"column":5}},"9":{"start":{"line":26,"column":6},"end":{"line":26,"column":24}},"10":{"start":{"line":28,"column":6},"end":{"line":28,"column":50}},"11":{"start":{"line":33,"column":4},"end":{"line":37,"column":5}},"12":{"start":{"line":34,"column":6},"end":{"line":34,"column":24}},"13":{"start":{"line":36,"column":6},"end":{"line":36,"column":50}},"14":{"start":{"line":41,"column":4},"end":{"line":45,"column":5}},"15":{"start":{"line":42,"column":6},"end":{"line":42,"column":25}},"16":{"start":{"line":44,"column":6},"end":{"line":44,"column":26}},"17":{"start":{"line":49,"column":4},"end":{"line":49,"column":21}},"18":{"start":{"line":53,"column":4},"end":{"line":59,"column":5}},"19":{"start":{"line":54,"column":6},"end":{"line":54,"column":40}},"20":{"start":{"line":57,"column":24},"end":{"line":57,"column":29}},"21":{"start":{"line":58,"column":6},"end":{"line":58,"column":62}},"22":{"start":{"line":1,"column":0},"end":{"line":1,"column":13}}},"fnMap":{"0":{"name":"(anonymous_0)","decl":{"start":{"line":8,"column":2},"end":{"line":8,"column":22}},"loc":{"start":{"line":8,"column":55},"end":{"line":14,"column":3}}},"1":{"name":"(anonymous_1)","decl":{"start":{"line":16,"column":9},"end":{"line":16,"column":15}},"loc":{"start":{"line":16,"column":36},"end":{"line":18,"column":3}}},"2":{"name":"(anonymous_2)","decl":{"start":{"line":20,"column":9},"end":{"line":20,"column":15}},"loc":{"start":{"line":20,"column":37},"end":{"line":22,"column":3}}},"3":{"name":"(anonymous_3)","decl":{"start":{"line":24,"column":9},"end":{"line":24,"column":13}},"loc":{"start":{"line":24,"column":13},"end":{"line":30,"column":3}}},"4":{"name":"(anonymous_4)","decl":{"start":{"line":32,"column":9},"end":{"line":32,"column":14}},"loc":{"start":{"line":32,"column":14},"end":{"line":38,"column":3}}},"5":{"name":"(anonymous_5)","decl":{"start":{"line":40,"column":9},"end":{"line":40,"column":17}},"loc":{"start":{"line":40,"column":36},"end":{"line":46,"column":3}}},"6":{"name":"(anonymous_6)","decl":{"start":{"line":48,"column":9},"end":{"line":48,"column":16}},"loc":{"start":{"line":48,"column":16},"end":{"line":50,"column":3}}},"7":{"name":"(anonymous_7)","decl":{"start":{"line":52,"column":9},"end":{"line":52,"column":15}},"loc":{"start":{"line":52,"column":29},"end":{"line":60,"column":3}}}},"branchMap":{"0":{"loc":{"start":{"line":9,"column":4},"end":{"line":11,"column":5}},"type":"if","locations":[{"start":{"line":9,"column":4},"end":{"line":11,"column":5}},{"start":{},"end":{}}]},"1":{"loc":{"start":{"line":25,"column":4},"end":{"line":29,"column":5}},"type":"if","locations":[{"start":{"line":25,"column":4},"end":{"line":29,"column":5}},{"start":{"line":27,"column":11},"end":{"line":29,"column":5}}]},"2":{"loc":{"start":{"line":33,"column":4},"end":{"line":37,"column":5}},"type":"if","locations":[{"start":{"line":33,"column":4},"end":{"line":37,"column":5}},{"start":{"line":35,"column":11},"end":{"line":37,"column":5}}]},"3":{"loc":{"start":{"line":41,"column":4},"end":{"line":45,"column":5}},"type":"if","locations":[{"start":{"line":41,"column":4},"end":{"line":45,"column":5}},{"start":{"line":43,"column":11},"end":{"line":45,"column":5}}]},"4":{"loc":{"start":{"line":53,"column":4},"end":{"line":59,"column":5}},"type":"if","locations":[{"start":{"line":53,"column":4},"end":{"line":59,"column":5}},{"start":{"line":55,"column":11},"end":{"line":59,"column":5}}]}},"s":{"0":2,"1":2,"2":14,"3":1,"4":13,"5":13,"6":10,"7":4,"8":14,"9":12,"10":2,"11":4,"12":3,"13":1,"14":14,"15":11,"16":3,"17":14,"18":2,"19":1,"20":1,"21":1,"22":2},"f":{"0":14,"1":10,"2":4,"3":14,"4":4,"5":14,"6":14,"7":2},"b":{"0":[1,13],"1":[12,2],"2":[3,1],"3":[11,3],"4":[1,1]}}
,"/home/fer/Documents/Dev/Training/com.fernandosoria.training/src/hooks/useRoutine.ts": {"path":"/home/fer/Documents/Dev/Training/com.fernandosoria.training/src/hooks/useRoutine.ts","statementMap":{"0":{"start":{"line":1,"column":0},"end":{"line":1,"column":44}},"1":{"start":{"line":6,"column":26},"end":{"line":34,"column":1}},"2":{"start":{"line":7,"column":42},"end":{"line":7,"column":77}},"3":{"start":{"line":8,"column":38},"end":{"line":8,"column":71}},"4":{"start":{"line":9,"column":36},"end":{"line":9,"column":59}},"5":{"start":{"line":10,"column":28},"end":{"line":10,"column":57}},"6":{"start":{"line":12,"column":2},"end":{"line":31,"column":19}},"7":{"start":{"line":13,"column":21},"end":{"line":28,"column":5}},"8":{"start":{"line":14,"column":6},"end":{"line":27,"column":7}},"9":{"start":{"line":15,"column":8},"end":{"line":15,"column":27}},"10":{"start":{"line":16,"column":31},"end":{"line":19,"column":10}},"11":{"start":{"line":20,"column":8},"end":{"line":20,"column":30}},"12":{"start":{"line":21,"column":8},"end":{"line":21,"column":30}},"13":{"start":{"line":23,"column":8},"end":{"line":23,"column":48}},"14":{"start":{"line":24,"column":8},"end":{"line":24,"column":25}},"15":{"start":{"line":26,"column":8},"end":{"line":26,"column":28}},"16":{"start":{"line":30,"column":4},"end":{"line":30,"column":15}},"17":{"start":{"line":33,"column":2},"end":{"line":33,"column":56}},"18":{"start":{"line":6,"column":13},"end":{"line":6,"column":26}}},"fnMap":{"0":{"name":"(anonymous_0)","decl":{"start":{"line":6,"column":26},"end":{"line":6,"column":27}},"loc":{"start":{"line":6,"column":54},"end":{"line":34,"column":1}}},"1":{"name":"(anonymous_1)","decl":{"start":{"line":12,"column":12},"end":{"line":12,"column":15}},"loc":{"start":{"line":12,"column":17},"end":{"line":31,"column":3}}},"2":{"name":"(anonymous_2)","decl":{"start":{"line":13,"column":21},"end":{"line":13,"column":26}},"loc":{"start":{"line":13,"column":32},"end":{"line":28,"column":5}}}},"branchMap":{},"s":{"0":0,"1":0,"2":0,"3":0,"4":0,"5":0,"6":0,"7":0,"8":0,"9":0,"10":0,"11":0,"12":0,"13":0,"14":0,"15":0,"16":0,"17":0,"18":0},"f":{"0":0,"1":0,"2":0},"b":{}}
,"/home/fer/Documents/Dev/Training/com.fernandosoria.training/src/infrastructure/repositories/SQLiteRepository.ts": {"path":"/home/fer/Documents/Dev/Training/com.fernandosoria.training/src/infrastructure/repositories/SQLiteRepository.ts","statementMap":{"0":{"start":{"line":4,"column":0},"end":{"line":4,"column":27}},"1":{"start":{"line":8,"column":4},"end":{"line":10,"column":6}},"2":{"start":{"line":11,"column":4},"end":{"line":13,"column":6}},"3":{"start":{"line":17,"column":22},"end":{"line":17,"column":48}},"4":{"start":{"line":18,"column":4},"end":{"line":18,"column":99}},"5":{"start":{"line":22,"column":19},"end":{"line":22,"column":89}},"6":{"start":{"line":23,"column":4},"end":{"line":25,"column":5}},"7":{"start":{"line":24,"column":6},"end":{"line":24,"column":48}},"8":{"start":{"line":26,"column":4},"end":{"line":26,"column":16}},"9":{"start":{"line":30,"column":20},"end":{"line":30,"column":48}},"10":{"start":{"line":31,"column":4},"end":{"line":31,"column":97}},"11":{"start":{"line":35,"column":19},"end":{"line":35,"column":89}},"12":{"start":{"line":36,"column":4},"end":{"line":38,"column":5}},"13":{"start":{"line":37,"column":6},"end":{"line":37,"column":46}},"14":{"start":{"line":39,"column":4},"end":{"line":39,"column":16}},"15":{"start":{"line":6,"column":0},"end":{"line":6,"column":13}}},"fnMap":{"0":{"name":"(anonymous_0)","decl":{"start":{"line":7,"column":2},"end":{"line":7,"column":null}},"loc":{"start":{"line":7,"column":2},"end":{"line":14,"column":3}}},"1":{"name":"(anonymous_1)","decl":{"start":{"line":16,"column":2},"end":{"line":16,"column":7}},"loc":{"start":{"line":16,"column":45},"end":{"line":19,"column":3}}},"2":{"name":"(anonymous_2)","decl":{"start":{"line":21,"column":2},"end":{"line":21,"column":7}},"loc":{"start":{"line":21,"column":21},"end":{"line":27,"column":3}}},"3":{"name":"(anonymous_3)","decl":{"start":{"line":29,"column":2},"end":{"line":29,"column":7}},"loc":{"start":{"line":29,"column":51},"end":{"line":32,"column":3}}},"4":{"name":"(anonymous_4)","decl":{"start":{"line":34,"column":2},"end":{"line":34,"column":7}},"loc":{"start":{"line":34,"column":23},"end":{"line":40,"column":3}}}},"branchMap":{"0":{"loc":{"start":{"line":23,"column":4},"end":{"line":25,"column":5}},"type":"if","locations":[{"start":{"line":23,"column":4},"end":{"line":25,"column":5}},{"start":{},"end":{}}]},"1":{"loc":{"start":{"line":36,"column":4},"end":{"line":38,"column":5}},"type":"if","locations":[{"start":{"line":36,"column":4},"end":{"line":38,"column":5}},{"start":{},"end":{}}]}},"s":{"0":1,"1":2,"2":2,"3":1,"4":1,"5":1,"6":1,"7":1,"8":0,"9":0,"10":0,"11":0,"12":0,"13":0,"14":0,"15":1},"f":{"0":2,"1":1,"2":1,"3":0,"4":0},"b":{"0":[1,0],"1":[0,0]}}
,"/home/fer/Documents/Dev/Training/com.fernandosoria.training/src/infrastructure/services/AppLogger.ts": {"path":"/home/fer/Documents/Dev/Training/com.fernandosoria.training/src/infrastructure/services/AppLogger.ts","statementMap":{"0":{"start":{"line":5,"column":23},"end":{"line":5,"column":47}},"1":{"start":{"line":6,"column":4},"end":{"line":6,"column":34}},"2":{"start":{"line":3,"column":0},"end":{"line":3,"column":13}}},"fnMap":{"0":{"name":"(anonymous_0)","decl":{"start":{"line":4,"column":2},"end":{"line":4,"column":5}},"loc":{"start":{"line":4,"column":53},"end":{"line":13,"column":3}}}},"branchMap":{},"s":{"0":3,"1":3,"2":1},"f":{"0":3},"b":{}}
}
