TN:
SF:src/domain/constants/RpeMap.ts
FNF:0
FNH:0
DA:2,0
LF:1
LH:0
BRF:0
BRH:0
end_of_record
TN:
SF:src/domain/entities/Progression.ts
FN:1,(anonymous_0)
FNF:1
FNH:0
FNDA:0,(anonymous_0)
DA:1,0
DA:2,0
DA:3,0
DA:4,0
LF:4
LH:0
BRDA:1,0,0,0
BRDA:1,0,1,0
BRF:2
BRH:0
end_of_record
TN:
SF:src/domain/interfaces/ILogger.ts
FN:1,(anonymous_0)
FNF:1
FNH:1
FNDA:3,(anonymous_0)
DA:1,3
DA:2,3
DA:3,3
DA:4,3
LF:4
LH:4
BRDA:1,0,0,3
BRDA:1,0,1,3
BRF:2
BRH:2
end_of_record
TN:
SF:src/domain/services/ProgressionEngine.ts
FN:18,(anonymous_0)
FN:22,(anonymous_1)
FN:26,(anonymous_2)
FN:30,(anonymous_3)
FNF:4
FNH:4
FNDA:8,(anonymous_0)
FNDA:8,(anonymous_1)
FNDA:10,(anonymous_2)
FNDA:10,(anonymous_3)
DA:15,2
DA:19,8
DA:23,8
DA:27,10
DA:36,10
DA:37,10
DA:38,10
DA:40,0
DA:41,0
LF:9
LH:7
BRDA:37,0,0,10
BRDA:37,0,1,0
BRF:2
BRH:1
end_of_record
TN:
SF:src/domain/services/implementations/RoutineGeneratorServiceImpl.ts
FN:8,(anonymous_0)
FN:10,(anonymous_1)
FN:39,(anonymous_2)
FN:59,(anonymous_3)
FN:88,(anonymous_4)
FNF:5
FNH:5
FNDA:3,(anonymous_0)
FNDA:3,(anonymous_1)
FNDA:3,(anonymous_2)
FNDA:6,(anonymous_3)
FNDA:276,(anonymous_4)
DA:2,1
DA:5,1
DA:7,1
DA:8,3
DA:11,3
DA:12,3
DA:14,3
DA:17,1
DA:19,1
DA:21,1
DA:23,2
DA:26,2
DA:28,2
DA:30,2
DA:33,3
DA:40,3
DA:41,3
DA:42,12
DA:44,12
DA:45,36
DA:54,12
DA:56,3
DA:60,6
DA:61,6
DA:62,24
DA:64,24
DA:65,96
DA:67,96
DA:69,4
DA:72,92
DA:73,92
DA:74,92
DA:77,96
DA:83,24
DA:85,6
DA:89,276
DA:90,276
DA:91,920
DA:96,276
LF:39
LH:39
BRDA:14,0,0,1
BRDA:14,0,1,2
BRDA:23,1,0,2
BRDA:23,1,1,0
BRDA:59,2,0,4
BRDA:67,3,0,4
BRDA:67,3,1,92
BRDA:67,4,0,96
BRDA:67,4,1,16
BRDA:80,5,0,96
BRDA:80,5,1,16
BRF:11
BRH:10
end_of_record
TN:
SF:src/domain/services/implementations/TonnageCalculatorServiceImpl.ts
FN:6,(anonymous_0)
FN:8,(anonymous_1)
FNF:2
FNH:2
FNDA:5,(anonymous_0)
FNDA:6,(anonymous_1)
DA:3,1
DA:5,1
DA:6,5
DA:9,6
DA:10,6
DA:11,0
DA:12,0
DA:14,6
DA:15,6
DA:16,6
LF:10
LH:8
BRDA:10,0,0,0
BRDA:10,0,1,6
BRDA:10,1,0,6
BRDA:10,1,1,6
BRDA:10,1,2,6
BRF:5
BRH:4
end_of_record
TN:
SF:src/domain/services/progressionStrategies/Linear5x5Strategy.ts
FN:12,(anonymous_0)
FN:13,(anonymous_1)
FN:14,(anonymous_2)
FN:26,(anonymous_3)
FN:27,(anonymous_4)
FN:33,(anonymous_5)
FN:35,(anonymous_6)
FN:64,(anonymous_7)
FNF:8
FNH:8
FNDA:5,(anonymous_0)
FNDA:10,(anonymous_1)
FNDA:10,(anonymous_2)
FNDA:4,(anonymous_3)
FNDA:4,(anonymous_4)
FNDA:6,(anonymous_5)
FNDA:30,(anonymous_6)
FNDA:13,(anonymous_7)
DA:5,1
DA:6,5
DA:7,5
DA:8,5
DA:9,5
DA:10,5
DA:13,5
DA:14,10
DA:17,5
DA:18,1
DA:25,4
DA:26,4
DA:27,4
DA:30,4
DA:31,4
DA:32,6
DA:33,6
DA:34,6
DA:35,30
DA:36,6
DA:37,3
DA:39,3
DA:42,3
DA:43,1
DA:44,1
DA:45,1
DA:52,0
DA:62,3
DA:63,3
DA:64,13
DA:66,3
DA:67,2
DA:68,2
DA:69,2
DA:76,0
DA:86,1
LF:36
LH:34
BRDA:17,0,0,1
BRDA:17,0,1,4
BRDA:34,1,0,6
BRDA:34,1,1,0
BRDA:35,2,0,30
BRDA:35,2,1,6
BRDA:36,3,0,3
BRDA:36,3,1,3
BRDA:42,4,0,1
BRDA:42,4,1,2
BRDA:43,5,0,1
BRDA:43,5,1,0
BRDA:62,6,0,3
BRDA:62,6,1,0
BRDA:63,7,0,3
BRDA:63,7,1,3
BRDA:64,8,0,13
BRDA:64,8,1,12
BRDA:64,8,2,0
BRDA:66,9,0,2
BRDA:66,9,1,1
BRDA:67,10,0,2
BRDA:67,10,1,0
BRF:23
BRH:18
end_of_record
TN:
SF:src/domain/services/progressionStrategies/WaveOndulantStrategy.ts
FN:10,(anonymous_0)
FN:11,(anonymous_1)
FN:12,(anonymous_2)
FN:25,(anonymous_3)
FN:28,(anonymous_4)
FN:29,(anonymous_5)
FN:35,(anonymous_6)
FN:36,(anonymous_7)
FN:48,(anonymous_8)
FN:48,(anonymous_9)
FN:63,(anonymous_10)
FNF:11
FNH:11
FNDA:5,(anonymous_0)
FNDA:10,(anonymous_1)
FNDA:10,(anonymous_2)
FNDA:6,(anonymous_3)
FNDA:4,(anonymous_4)
FNDA:4,(anonymous_5)
FNDA:1,(anonymous_6)
FNDA:1,(anonymous_7)
FNDA:1,(anonymous_8)
FNDA:1,(anonymous_9)
FNDA:6,(anonymous_10)
DA:5,1
DA:6,3
DA:7,3
DA:8,3
DA:11,5
DA:12,10
DA:15,5
DA:17,1
DA:25,6
DA:27,4
DA:28,4
DA:29,4
DA:31,4
DA:33,4
DA:34,1
DA:35,1
DA:36,1
DA:38,1
DA:46,3
DA:47,1
DA:48,1
DA:50,1
DA:59,2
DA:60,2
DA:62,2
DA:63,6
DA:66,2
DA:67,2
DA:70,2
LF:29
LH:29
BRDA:15,0,0,1
BRDA:15,0,1,4
BRDA:33,1,0,1
BRDA:33,1,1,3
BRDA:41,2,0,1
BRDA:41,2,1,0
BRDA:46,3,0,1
BRDA:46,3,1,2
BRDA:53,4,0,1
BRDA:53,4,1,0
BRDA:62,5,0,2
BRDA:62,5,1,0
BRDA:63,6,0,6
BRDA:63,6,1,0
BRDA:63,6,2,6
BRDA:66,7,0,2
BRDA:66,7,1,0
BRDA:66,8,0,2
BRDA:66,8,1,2
BRF:19
BRH:14
end_of_record
TN:
SF:src/domain/types/index.ts
FN:12,(anonymous_0)
FN:18,(anonymous_1)
FN:32,(anonymous_2)
FNF:3
FNH:3
FNDA:4,(anonymous_0)
FNDA:4,(anonymous_1)
FNDA:4,(anonymous_2)
DA:12,4
DA:13,4
DA:14,4
DA:15,4
DA:18,4
DA:19,4
DA:20,4
DA:21,4
DA:32,4
DA:33,4
DA:34,4
DA:35,4
DA:36,4
DA:37,4
DA:38,4
DA:39,4
DA:40,4
DA:41,4
DA:42,4
LF:19
LH:19
BRDA:12,0,0,4
BRDA:12,0,1,4
BRDA:18,1,0,4
BRDA:18,1,1,4
BRDA:32,2,0,4
BRDA:32,2,1,4
BRF:6
BRH:6
end_of_record
TN:
SF:src/domain/valueObjects/Weight.ts
FN:8,(anonymous_0)
FN:16,(anonymous_1)
FN:20,(anonymous_2)
FN:24,(anonymous_3)
FN:32,(anonymous_4)
FN:40,(anonymous_5)
FN:48,(anonymous_6)
FN:52,(anonymous_7)
FNF:8
FNH:8
FNDA:14,(anonymous_0)
FNDA:10,(anonymous_1)
FNDA:4,(anonymous_2)
FNDA:14,(anonymous_3)
FNDA:4,(anonymous_4)
FNDA:14,(anonymous_5)
FNDA:14,(anonymous_6)
FNDA:2,(anonymous_7)
DA:1,2
DA:5,2
DA:6,2
DA:9,14
DA:10,1
DA:12,13
DA:13,13
DA:17,10
DA:21,4
DA:25,14
DA:26,12
DA:28,2
DA:33,4
DA:34,3
DA:36,1
DA:41,14
DA:42,11
DA:44,3
DA:49,14
DA:53,2
DA:54,1
DA:57,1
DA:58,1
LF:23
LH:23
BRDA:9,0,0,1
BRDA:9,0,1,13
BRDA:25,1,0,12
BRDA:25,1,1,2
BRDA:33,2,0,3
BRDA:33,2,1,1
BRDA:41,3,0,11
BRDA:41,3,1,3
BRDA:53,4,0,1
BRDA:53,4,1,1
BRF:10
BRH:10
end_of_record
TN:
SF:src/hooks/useRoutine.ts
FN:6,(anonymous_0)
FN:12,(anonymous_1)
FN:13,(anonymous_2)
FNF:3
FNH:0
FNDA:0,(anonymous_0)
FNDA:0,(anonymous_1)
FNDA:0,(anonymous_2)
DA:1,0
DA:6,0
DA:7,0
DA:8,0
DA:9,0
DA:10,0
DA:12,0
DA:13,0
DA:14,0
DA:15,0
DA:16,0
DA:20,0
DA:21,0
DA:23,0
DA:24,0
DA:26,0
DA:30,0
DA:33,0
LF:18
LH:0
BRF:0
BRH:0
end_of_record
TN:
SF:src/infrastructure/repositories/SQLiteRepository.ts
FN:7,(anonymous_0)
FN:16,(anonymous_1)
FN:21,(anonymous_2)
FN:29,(anonymous_3)
FN:34,(anonymous_4)
FNF:5
FNH:3
FNDA:2,(anonymous_0)
FNDA:1,(anonymous_1)
FNDA:1,(anonymous_2)
FNDA:0,(anonymous_3)
FNDA:0,(anonymous_4)
DA:4,1
DA:6,1
DA:8,2
DA:11,2
DA:17,1
DA:18,1
DA:22,1
DA:23,1
DA:24,1
DA:26,0
DA:30,0
DA:31,0
DA:35,0
DA:36,0
DA:37,0
DA:39,0
LF:16
LH:9
BRDA:23,0,0,1
BRDA:23,0,1,0
BRDA:36,1,0,0
BRDA:36,1,1,0
BRF:4
BRH:1
end_of_record
TN:
SF:src/infrastructure/services/AppLogger.ts
FN:4,(anonymous_0)
FNF:1
FNH:1
FNDA:3,(anonymous_0)
DA:3,1
DA:5,3
DA:6,3
LF:3
LH:3
BRF:0
BRH:0
end_of_record
